#
# There is insufficient memory for the Java Runtime Environment to continue.
# Native memory allocation (malloc) failed to allocate 1274736 bytes. Error detail: Chunk::new
# Possible reasons:
#   The system is out of physical RAM or swap space
#   This process is running with CompressedOops enabled, and the Java Heap may be blocking the growth of the native heap
# Possible solutions:
#   Reduce memory load on the system
#   Increase physical memory or swap space
#   Check if swap backing store is full
#   Decrease Java heap size (-Xmx/-Xms)
#   Decrease number of Java threads
#   Decrease Java thread stack sizes (-Xss)
#   Set larger code cache with -XX:ReservedCodeCacheSize=
#   JVM is running with Unscaled Compressed Oops mode in which the Java heap is
#     placed in the first 4GB address space. The Java Heap base address is the
#     maximum limit for the native heap growth. Please use -XX:HeapBaseMinAddress
#     to set the Java Heap base and to place the Java Heap above 4GB virtual address.
# This output file may be truncated or incomplete.
#
#  Out of Memory Error (arena.cpp:168), pid=12148, tid=14376
#
# JRE version: OpenJDK Runtime Environment Temurin-21.0.8+9 (21.0.8+9) (build 21.0.8+9-LTS)
# Java VM: OpenJDK 64-Bit Server VM Temurin-21.0.8+9 (21.0.8+9-LTS, mixed mode, sharing, tiered, compressed oops, compressed class ptrs, parallel gc, windows-amd64)
# No core dump will be written. Minidumps are not enabled by default on client versions of Windows
#

---------------  S U M M A R Y ------------

Command Line: --add-modules=ALL-SYSTEM --add-opens=java.base/java.util=ALL-UNNAMED --add-opens=java.base/java.lang=ALL-UNNAMED --add-opens=java.base/sun.nio.fs=ALL-UNNAMED -Declipse.application=org.eclipse.jdt.ls.core.id1 -Dosgi.bundles.defaultStartLevel=4 -Declipse.product=org.eclipse.jdt.ls.core.product -Djava.import.generatesMetadataFilesAtProjectRoot=false -DDetectVMInstallationsJob.disabled=true -Dfile.encoding=utf8 -XX:+UseParallelGC -XX:GCTimeRatio=4 -XX:AdaptiveSizePolicyWeight=90 -Dsun.zip.disableMemoryMapping=true -Xmx2G -Xms100m -Xlog:disable -javaagent:c:\Users\24649\.trae\extensions\redhat.java-1.47.0-win32-x64\lombok\lombok-1.18.39-4050.jar -XX:+HeapDumpOnOutOfMemoryError -XX:HeapDumpPath=c:\Users\24649\AppData\Roaming\Trae\User\workspaceStorage\051cefbd03f66b85d2e9058e55814854\redhat.java -Daether.dependencyCollector.impl=bf c:\Users\24649\.trae\extensions\redhat.java-1.47.0-win32-x64\server\plugins\org.eclipse.equinox.launcher_1.7.100.v20251014-1222.jar -configuration c:\Users\24649\AppData\Roaming\Trae\User\globalStorage\redhat.java\1.47.0\config_win -data c:\Users\24649\AppData\Roaming\Trae\User\workspaceStorage\051cefbd03f66b85d2e9058e55814854\redhat.java\jdt_ws --pipe=\\.\pipe\lsp-59405789e3729a28aa58a386f6f5828e-sock

Host: 11th Gen Intel(R) Core(TM) i7-11800H @ 2.30GHz, 16 cores, 31G,  Windows 11 , 64 bit Build 26100 (10.0.26100.7019)
Time: Sun Nov  2 21:52:06 2025 elapsed time: 2701.476871 seconds (0d 0h 45m 1s)

---------------  T H R E A D  ---------------

Current thread (0x00000180df839b40):  JavaThread "C2 CompilerThread3" daemon [_thread_in_native, id=14376, stack(0x0000006ece100000,0x0000006ece200000) (1024K)]


Current CompileTask:
C2:2701476 14307       4       lombok.eclipse.EclipseAST::buildTypeUse (294 bytes)

Stack: [0x0000006ece100000,0x0000006ece200000]
Native frames: (J=compiled Java code, j=interpreted, Vv=VM code, C=native code)
V  [jvm.dll+0x6d2449]
V  [jvm.dll+0x8ae341]
V  [jvm.dll+0x8b08be]
V  [jvm.dll+0x8b0fa3]
V  [jvm.dll+0x280c96]
V  [jvm.dll+0xc581d]
V  [jvm.dll+0xc5d53]
V  [jvm.dll+0x3b9162]
V  [jvm.dll+0x1e1213]
V  [jvm.dll+0x249022]
V  [jvm.dll+0x2484af]
V  [jvm.dll+0x1c89ee]
V  [jvm.dll+0x257d4d]
V  [jvm.dll+0x2562ea]
V  [jvm.dll+0x3f2d16]
V  [jvm.dll+0x857e6b]
V  [jvm.dll+0x6d0b0d]
C  [ucrtbase.dll+0x37b0]
C  [KERNEL32.DLL+0x2e8d7]
C  [ntdll.dll+0x8c53c]


---------------  P R O C E S S  ---------------

Threads class SMR info:
_java_thread_list=0x00000180dc5f5440, length=87, elements={
0x00000180f8a80690, 0x00000180fce59660, 0x00000180fce5c310, 0x00000180fe148610,
0x00000180fe149260, 0x00000180fe157950, 0x00000180fe160ef0, 0x00000180fe162ac0,
0x00000180fe1646f0, 0x00000180fe245570, 0x00000180fe3ba2c0, 0x00000180d8a94be0,
0x00000180d8d94440, 0x00000180d8ac6e60, 0x00000180d8ad48a0, 0x00000180d8b64e00,
0x00000180d8d229d0, 0x00000180d901dfc0, 0x00000180d9020720, 0x00000180d9020db0,
0x00000180d9020090, 0x00000180d901e650, 0x00000180dde4d9f0, 0x00000180dde4e710,
0x00000180dde4eda0, 0x00000180dde4f430, 0x00000180dde507e0, 0x00000180dde50150,
0x00000180dde4fac0, 0x00000180dde4d360, 0x00000180dde50e70, 0x00000180dde51500,
0x00000180dde4e080, 0x00000180dde535d0, 0x00000180dde52f40, 0x00000180dde51b90,
0x00000180dde528b0, 0x00000180dde52220, 0x00000180dde53c60, 0x00000180dde542f0,
0x00000180dde54980, 0x00000180daf895f0, 0x00000180de977f30, 0x00000180de978c50,
0x00000180de97a000, 0x00000180de9792e0, 0x00000180de979970, 0x00000180df83bd50,
0x00000180de976b80, 0x00000180de97a690, 0x00000180df839470, 0x00000180de9785c0,
0x00000180df839b40, 0x00000180de977210, 0x00000180df83b680, 0x00000180df8386d0,
0x00000180df838da0, 0x00000180de97db10, 0x00000180de97e1a0, 0x00000180de97b3b0,
0x00000180de97d480, 0x00000180de97ba40, 0x00000180de97c0d0, 0x00000180de97cdf0,
0x00000180daf89c80, 0x00000180daf88f60, 0x00000180daf888d0, 0x00000180daf8a310,
0x00000180daf8a9a0, 0x00000180daf8b030, 0x00000180daf87bb0, 0x00000180daf8b6c0,
0x00000180daf88240, 0x00000180df83a210, 0x00000180daf8d790, 0x00000180daf8ca70,
0x00000180daf8d100, 0x00000180daf8de20, 0x00000180daf8bd50, 0x00000180daf8e4b0,
0x00000180daf8eb40, 0x00000180daf8f1d0, 0x00000180df06ea40, 0x00000180df06b5c0,
0x00000180df06f0d0, 0x00000180df06e3b0, 0x00000180df06bc50
}

Java Threads: ( => current thread )
  0x00000180f8a80690 JavaThread "main"                              [_thread_blocked, id=21632, stack(0x0000006ecb200000,0x0000006ecb300000) (1024K)]
  0x00000180fce59660 JavaThread "Reference Handler"          daemon [_thread_blocked, id=26236, stack(0x0000006ecb600000,0x0000006ecb700000) (1024K)]
  0x00000180fce5c310 JavaThread "Finalizer"                  daemon [_thread_blocked, id=20828, stack(0x0000006ecb700000,0x0000006ecb800000) (1024K)]
  0x00000180fe148610 JavaThread "Signal Dispatcher"          daemon [_thread_blocked, id=3456, stack(0x0000006ecb800000,0x0000006ecb900000) (1024K)]
  0x00000180fe149260 JavaThread "Attach Listener"            daemon [_thread_blocked, id=17460, stack(0x0000006ecb900000,0x0000006ecba00000) (1024K)]
  0x00000180fe157950 JavaThread "Service Thread"             daemon [_thread_blocked, id=31616, stack(0x0000006ecba00000,0x0000006ecbb00000) (1024K)]
  0x00000180fe160ef0 JavaThread "Monitor Deflation Thread"   daemon [_thread_blocked, id=19088, stack(0x0000006ecbb00000,0x0000006ecbc00000) (1024K)]
  0x00000180fe162ac0 JavaThread "C2 CompilerThread0"         daemon [_thread_in_native, id=9164, stack(0x0000006ecbc00000,0x0000006ecbd00000) (1024K)]
  0x00000180fe1646f0 JavaThread "C1 CompilerThread0"         daemon [_thread_in_native, id=27836, stack(0x0000006ecbd00000,0x0000006ecbe00000) (1024K)]
  0x00000180fe245570 JavaThread "Common-Cleaner"             daemon [_thread_blocked, id=37464, stack(0x0000006ecbe00000,0x0000006ecbf00000) (1024K)]
  0x00000180fe3ba2c0 JavaThread "Notification Thread"        daemon [_thread_blocked, id=9444, stack(0x0000006ecc300000,0x0000006ecc400000) (1024K)]
  0x00000180d8a94be0 JavaThread "Active Thread: Equinox Container: b4ac71d6-06de-43ff-bc70-3bbda529e0f5"        [_thread_blocked, id=36352, stack(0x0000006eccc00000,0x0000006eccd00000) (1024K)]
  0x00000180d8d94440 JavaThread "Refresh Thread: Equinox Container: b4ac71d6-06de-43ff-bc70-3bbda529e0f5" daemon [_thread_blocked, id=17476, stack(0x0000006eccd00000,0x0000006ecce00000) (1024K)]
  0x00000180d8ac6e60 JavaThread "Framework Event Dispatcher: Equinox Container: b4ac71d6-06de-43ff-bc70-3bbda529e0f5" daemon [_thread_blocked, id=13684, stack(0x0000006ecce00000,0x0000006eccf00000) (1024K)]
  0x00000180d8ad48a0 JavaThread "Start Level: Equinox Container: b4ac71d6-06de-43ff-bc70-3bbda529e0f5" daemon [_thread_blocked, id=19168, stack(0x0000006eccf00000,0x0000006ecd000000) (1024K)]
  0x00000180d8b64e00 JavaThread "Bundle File Closer"         daemon [_thread_blocked, id=24364, stack(0x0000006ecd400000,0x0000006ecd500000) (1024K)]
  0x00000180d8d229d0 JavaThread "SCR Component Actor"        daemon [_thread_blocked, id=13032, stack(0x0000006ecc000000,0x0000006ecc100000) (1024K)]
  0x00000180d901dfc0 JavaThread "Worker-JM"                         [_thread_blocked, id=33316, stack(0x0000006ecd800000,0x0000006ecd900000) (1024K)]
  0x00000180d9020720 JavaThread "JNA Cleaner"                daemon [_thread_blocked, id=34020, stack(0x0000006ecd900000,0x0000006ecda00000) (1024K)]
  0x00000180d9020db0 JavaThread "Worker-0"                          [_thread_blocked, id=28592, stack(0x0000006ecda00000,0x0000006ecdb00000) (1024K)]
  0x00000180d9020090 JavaThread "Java indexing"              daemon [_thread_blocked, id=36112, stack(0x0000006ecdd00000,0x0000006ecde00000) (1024K)]
  0x00000180d901e650 JavaThread "Worker-4: Building"                [_thread_blocked, id=1072, stack(0x0000006ece300000,0x0000006ece400000) (1024K)]
  0x00000180dde4d9f0 JavaThread "Thread-1"                   daemon [_thread_in_native, id=31060, stack(0x0000006ece700000,0x0000006ece800000) (1024K)]
  0x00000180dde4e710 JavaThread "Thread-2"                   daemon [_thread_in_native, id=22752, stack(0x0000006ece800000,0x0000006ece900000) (1024K)]
  0x00000180dde4eda0 JavaThread "Thread-3"                   daemon [_thread_in_native, id=16312, stack(0x0000006ece900000,0x0000006ecea00000) (1024K)]
  0x00000180dde4f430 JavaThread "Thread-4"                   daemon [_thread_in_native, id=25252, stack(0x0000006ecea00000,0x0000006eceb00000) (1024K)]
  0x00000180dde507e0 JavaThread "Thread-5"                   daemon [_thread_in_native, id=10844, stack(0x0000006eceb00000,0x0000006ecec00000) (1024K)]
  0x00000180dde50150 JavaThread "Thread-6"                   daemon [_thread_in_native, id=28128, stack(0x0000006ecec00000,0x0000006eced00000) (1024K)]
  0x00000180dde4fac0 JavaThread "Thread-7"                   daemon [_thread_in_native, id=20132, stack(0x0000006eced00000,0x0000006ecee00000) (1024K)]
  0x00000180dde4d360 JavaThread "Thread-8"                   daemon [_thread_in_native, id=4376, stack(0x0000006ecee00000,0x0000006ecef00000) (1024K)]
  0x00000180dde50e70 JavaThread "Thread-9"                   daemon [_thread_in_native, id=20012, stack(0x0000006ecef00000,0x0000006ecf000000) (1024K)]
  0x00000180dde51500 JavaThread "Thread-10"                  daemon [_thread_in_native, id=22960, stack(0x0000006ecf000000,0x0000006ecf100000) (1024K)]
  0x00000180dde4e080 JavaThread "Thread-11"                  daemon [_thread_in_native, id=16568, stack(0x0000006ecf100000,0x0000006ecf200000) (1024K)]
  0x00000180dde535d0 JavaThread "Thread-12"                  daemon [_thread_in_native, id=33360, stack(0x0000006ecf200000,0x0000006ecf300000) (1024K)]
  0x00000180dde52f40 JavaThread "Thread-13"                  daemon [_thread_in_native, id=23680, stack(0x0000006ecf300000,0x0000006ecf400000) (1024K)]
  0x00000180dde51b90 JavaThread "Thread-14"                  daemon [_thread_in_native, id=24504, stack(0x0000006ecf400000,0x0000006ecf500000) (1024K)]
  0x00000180dde528b0 JavaThread "Thread-15"                  daemon [_thread_in_native, id=19412, stack(0x0000006ecf500000,0x0000006ecf600000) (1024K)]
  0x00000180dde52220 JavaThread "Thread-16"                  daemon [_thread_in_native, id=9624, stack(0x0000006ecf600000,0x0000006ecf700000) (1024K)]
  0x00000180dde53c60 JavaThread "Thread-17"                  daemon [_thread_in_native, id=14960, stack(0x0000006ecf700000,0x0000006ecf800000) (1024K)]
  0x00000180dde542f0 JavaThread "pool-2-thread-1"                   [_thread_blocked, id=27644, stack(0x0000006ecf800000,0x0000006ecf900000) (1024K)]
  0x00000180dde54980 JavaThread "WorkspaceEventsHandler"            [_thread_blocked, id=20976, stack(0x0000006ecf900000,0x0000006ecfa00000) (1024K)]
  0x00000180daf895f0 JavaThread "pool-1-thread-1"                   [_thread_blocked, id=12492, stack(0x0000006ecfa00000,0x0000006ecfb00000) (1024K)]
  0x00000180de977f30 JavaThread "ForkJoinPool.commonPool-worker-12" daemon [_thread_blocked, id=3940, stack(0x0000006ecaf00000,0x0000006ecb000000) (1024K)]
  0x00000180de978c50 JavaThread "Thread-18"                  daemon [_thread_blocked, id=14728, stack(0x0000006ecb100000,0x0000006ecb200000) (1024K)]
  0x00000180de97a000 JavaThread "ForkJoinPool.commonPool-worker-13" daemon [_thread_blocked, id=11284, stack(0x0000006ecbf00000,0x0000006ecc000000) (1024K)]
  0x00000180de9792e0 JavaThread "ForkJoinPool.commonPool-worker-14" daemon [_thread_blocked, id=33724, stack(0x0000006ecc100000,0x0000006ecc200000) (1024K)]
  0x00000180de979970 JavaThread "ForkJoinPool.commonPool-worker-15" daemon [_thread_blocked, id=21484, stack(0x0000006ecc200000,0x0000006ecc300000) (1024K)]
  0x00000180df83bd50 JavaThread "C2 CompilerThread1"         daemon [_thread_in_native, id=34224, stack(0x0000006ecdb00000,0x0000006ecdc00000) (1024K)]
  0x00000180de976b80 JavaThread "Worker-7"                          [_thread_blocked, id=15184, stack(0x0000006ecdc00000,0x0000006ecdd00000) (1024K)]
  0x00000180de97a690 JavaThread "Worker-8: Updating workspace"        [_thread_blocked, id=23004, stack(0x0000006ecde00000,0x0000006ecdf00000) (1024K)]
  0x00000180df839470 JavaThread "C2 CompilerThread2"         daemon [_thread_blocked, id=2664, stack(0x0000006ecdf00000,0x0000006ece000000) (1024K)]
  0x00000180de9785c0 JavaThread "Compiler Source File Reader" daemon [_thread_blocked, id=19688, stack(0x0000006ece000000,0x0000006ece100000) (1024K)]
=>0x00000180df839b40 JavaThread "C2 CompilerThread3"         daemon [_thread_in_native, id=14376, stack(0x0000006ece100000,0x0000006ece200000) (1024K)]
  0x00000180de977210 JavaThread "Compiler Processing Task"   daemon [_thread_blocked, id=17912, stack(0x0000006ece200000,0x0000006ece300000) (1024K)]
  0x00000180df83b680 JavaThread "C2 CompilerThread4"         daemon [_thread_blocked, id=17808, stack(0x0000006ece400000,0x0000006ece500000) (1024K)]
  0x00000180df8386d0 JavaThread "C2 CompilerThread5"         daemon [_thread_in_native, id=23088, stack(0x0000006ece500000,0x0000006ece600000) (1024K)]
  0x00000180df838da0 JavaThread "C1 CompilerThread1"         daemon [_thread_blocked, id=21400, stack(0x0000006ecb000000,0x0000006ecb100000) (1024K)]
  0x00000180de97db10 JavaThread "LocalFile Deleter"          daemon [_thread_blocked, id=29560, stack(0x0000006ece600000,0x0000006ece700000) (1024K)]
  0x00000180de97e1a0 JavaThread "LocalFile Deleter"          daemon [_thread_blocked, id=34148, stack(0x0000006ecfb00000,0x0000006ecfc00000) (1024K)]
  0x00000180de97b3b0 JavaThread "LocalFile Deleter"          daemon [_thread_blocked, id=36184, stack(0x0000006ecfc00000,0x0000006ecfd00000) (1024K)]
  0x00000180de97d480 JavaThread "LocalFile Deleter"          daemon [_thread_blocked, id=36924, stack(0x0000006ecfd00000,0x0000006ecfe00000) (1024K)]
  0x00000180de97ba40 JavaThread "LocalFile Deleter"          daemon [_thread_blocked, id=19780, stack(0x0000006ecfe00000,0x0000006ecff00000) (1024K)]
  0x00000180de97c0d0 JavaThread "LocalFile Deleter"          daemon [_thread_blocked, id=28208, stack(0x0000006ecff00000,0x0000006ed0000000) (1024K)]
  0x00000180de97cdf0 JavaThread "LocalFile Deleter"          daemon [_thread_blocked, id=6284, stack(0x0000006ed0000000,0x0000006ed0100000) (1024K)]
  0x00000180daf89c80 JavaThread "LocalFile Deleter"          daemon [_thread_blocked, id=22120, stack(0x0000006ed0100000,0x0000006ed0200000) (1024K)]
  0x00000180daf88f60 JavaThread "LocalFile Deleter"          daemon [_thread_blocked, id=31808, stack(0x0000006ed0200000,0x0000006ed0300000) (1024K)]
  0x00000180daf888d0 JavaThread "LocalFile Deleter"          daemon [_thread_blocked, id=20872, stack(0x0000006ed0300000,0x0000006ed0400000) (1024K)]
  0x00000180daf8a310 JavaThread "LocalFile Deleter"          daemon [_thread_blocked, id=23404, stack(0x0000006ed0400000,0x0000006ed0500000) (1024K)]
  0x00000180daf8a9a0 JavaThread "LocalFile Deleter"          daemon [_thread_blocked, id=33092, stack(0x0000006ed0500000,0x0000006ed0600000) (1024K)]
  0x00000180daf8b030 JavaThread "LocalFile Deleter"          daemon [_thread_blocked, id=26076, stack(0x0000006ed0600000,0x0000006ed0700000) (1024K)]
  0x00000180daf87bb0 JavaThread "LocalFile Deleter"          daemon [_thread_blocked, id=720, stack(0x0000006ed0700000,0x0000006ed0800000) (1024K)]
  0x00000180daf8b6c0 JavaThread "LocalFile Deleter"          daemon [_thread_blocked, id=26972, stack(0x0000006ed0800000,0x0000006ed0900000) (1024K)]
  0x00000180daf88240 JavaThread "LocalFile Deleter"          daemon [_thread_blocked, id=28476, stack(0x0000006ed0900000,0x0000006ed0a00000) (1024K)]
  0x00000180df83a210 JavaThread "C2 CompilerThread6"         daemon [_thread_in_native, id=21420, stack(0x0000006ed0a00000,0x0000006ed0b00000) (1024K)]
  0x00000180daf8d790 JavaThread "Compiler Source File Reader" daemon [_thread_blocked, id=21292, stack(0x0000006ed0b00000,0x0000006ed0c00000) (1024K)]
  0x00000180daf8ca70 JavaThread "Compiler Source File Reader" daemon [_thread_blocked, id=26656, stack(0x0000006ed0c00000,0x0000006ed0d00000) (1024K)]
  0x00000180daf8d100 JavaThread "Compiler Source File Reader" daemon [_thread_blocked, id=11124, stack(0x0000006ed0d00000,0x0000006ed0e00000) (1024K)]
  0x00000180daf8de20 JavaThread "Compiler Source File Reader" daemon [_thread_blocked, id=6692, stack(0x0000006ed0e00000,0x0000006ed0f00000) (1024K)]
  0x00000180daf8bd50 JavaThread "Compiler Source File Reader" daemon [_thread_blocked, id=22676, stack(0x0000006ed0f00000,0x0000006ed1000000) (1024K)]
  0x00000180daf8e4b0 JavaThread "Compiler Source File Reader" daemon [_thread_blocked, id=33352, stack(0x0000006ed1000000,0x0000006ed1100000) (1024K)]
  0x00000180daf8eb40 JavaThread "Compiler Source File Reader" daemon [_thread_blocked, id=13744, stack(0x0000006ed1100000,0x0000006ed1200000) (1024K)]
  0x00000180daf8f1d0 JavaThread "Compiler Source File Reader" daemon [_thread_blocked, id=18408, stack(0x0000006ed1200000,0x0000006ed1300000) (1024K)]
  0x00000180df06ea40 JavaThread "Compiler Source File Reader" daemon [_thread_blocked, id=9120, stack(0x0000006ed1300000,0x0000006ed1400000) (1024K)]
  0x00000180df06b5c0 JavaThread "Compiler Source File Reader" daemon [_thread_blocked, id=14340, stack(0x0000006ed1400000,0x0000006ed1500000) (1024K)]
  0x00000180df06f0d0 JavaThread "Compiler Source File Reader" daemon [_thread_blocked, id=27044, stack(0x0000006ed1500000,0x0000006ed1600000) (1024K)]
  0x00000180df06e3b0 JavaThread "Compiler Source File Reader" daemon [_thread_blocked, id=6220, stack(0x0000006ed1600000,0x0000006ed1700000) (1024K)]
  0x00000180df06bc50 JavaThread "Compiler Source File Reader" daemon [_thread_blocked, id=11056, stack(0x0000006ed1700000,0x0000006ed1800000) (1024K)]
Total: 87

Other Threads:
  0x00000180f6f4eb50 VMThread "VM Thread"                           [id=35940, stack(0x0000006ecb500000,0x0000006ecb600000) (1024K)]
  0x00000180fcd4c7e0 WatcherThread "VM Periodic Task Thread"        [id=28500, stack(0x0000006ecb400000,0x0000006ecb500000) (1024K)]
  0x00000180f8a9d700 WorkerThread "GC Thread#0"                     [id=20080, stack(0x0000006ecb300000,0x0000006ecb400000) (1024K)]
  0x00000180d87ebd50 WorkerThread "GC Thread#1"                     [id=37288, stack(0x0000006ecc500000,0x0000006ecc600000) (1024K)]
  0x00000180d87ec0f0 WorkerThread "GC Thread#2"                     [id=2864, stack(0x0000006ecc600000,0x0000006ecc700000) (1024K)]
  0x00000180d87ec490 WorkerThread "GC Thread#3"                     [id=23024, stack(0x0000006ecc700000,0x0000006ecc800000) (1024K)]
  0x00000180d87ec830 WorkerThread "GC Thread#4"                     [id=30404, stack(0x0000006ecc800000,0x0000006ecc900000) (1024K)]
  0x00000180d80d4df0 WorkerThread "GC Thread#5"                     [id=10828, stack(0x0000006ecc900000,0x0000006ecca00000) (1024K)]
  0x00000180d80d5190 WorkerThread "GC Thread#6"                     [id=17220, stack(0x0000006ecca00000,0x0000006eccb00000) (1024K)]
  0x00000180d8d65100 WorkerThread "GC Thread#7"                     [id=25140, stack(0x0000006eccb00000,0x0000006eccc00000) (1024K)]
  0x00000180d8a4afe0 WorkerThread "GC Thread#8"                     [id=29232, stack(0x0000006ecd100000,0x0000006ecd200000) (1024K)]
  0x00000180d8a48300 WorkerThread "GC Thread#9"                     [id=16284, stack(0x0000006ecd200000,0x0000006ecd300000) (1024K)]
  0x00000180d8a469a0 WorkerThread "GC Thread#10"                    [id=30908, stack(0x0000006ecd300000,0x0000006ecd400000) (1024K)]
  0x00000180d8a47480 WorkerThread "GC Thread#11"                    [id=35932, stack(0x0000006ecc400000,0x0000006ecc500000) (1024K)]
  0x00000180d8a470e0 WorkerThread "GC Thread#12"                    [id=10092, stack(0x0000006ecd700000,0x0000006ecd800000) (1024K)]
Total: 15

Threads with active compile tasks:
C2 CompilerThread0  2703545 14611       4       org.lombokweb.asm.ClassReader::<init> (359 bytes)
C1 CompilerThread0  2703545 14623       3       org.eclipse.core.internal.registry.HashtableOfStringAndInt::get (72 bytes)
C2 CompilerThread1  2703545 14489       4       com.google.gson.internal.bind.MapTypeAdapterFactory$Adapter::read (224 bytes)
C2 CompilerThread2  2703545 14496       4       org.eclipse.jdt.internal.compiler.lookup.LookupEnvironment::getTypeFromTypeSignature (770 bytes)
C2 CompilerThread3  2703545 14307       4       lombok.eclipse.EclipseAST::buildTypeUse (294 bytes)
C2 CompilerThread4  2703545 14598       4       org.lombokweb.asm.ClassReader::readMethod (1070 bytes)
C2 CompilerThread5  2703545 14308   !   4       lombok.eclipse.EclipseAST::getTopLevelTypeReferenceAnnotations (69 bytes)
C1 CompilerThread1  2703545 14600       3       org.lombokweb.asm.ClassReader::readCode (5117 bytes)
C2 CompilerThread6  2703545 14567 %     4       org.lombokweb.asm.SymbolTable::<init> @ 98 (554 bytes)
Total: 9

VM state: at safepoint (normal execution)

VM Mutex/Monitor currently owned by a thread:  ([mutex/lock_event])
[0x00007fffb49d5458] Threads_lock - owner thread: 0x00000180f6f4eb50
[0x00007fffb49d5558] Heap_lock - owner thread: 0x00000180de977f30
[0x00007fffb49d59d8] PSOldGenExpand_lock - owner thread: 0x00000180d8d65100

Heap address: 0x0000000080000000, size: 2048 MB, Compressed Oops mode: 32-bit

CDS archive(s) mapped at: [0x0000018093000000-0x0000018093ba0000-0x0000018093ba0000), size 12189696, SharedBaseAddress: 0x0000018093000000, ArchiveRelocationMode: 1.
Compressed class space mapped at: 0x0000018094000000-0x00000180d4000000, reserved size: 1073741824
Narrow klass base: 0x0000018093000000, Narrow klass shift: 0, Narrow klass range: 0x100000000

GC Precious Log:
 CardTable entry size: 512
 CPUs: 16 total, 16 available
 Memory: 32547M
 Large Page Support: Disabled
 NUMA Support: Disabled
 Compressed Oops: Enabled (32-bit)
 Alignments: Space 512K, Generation 512K, Heap 2M
 Heap Min Capacity: 100M
 Heap Initial Capacity: 100M
 Heap Max Capacity: 2G
 Pre-touch: Disabled
 Parallel Workers: 13

Heap:
 PSYoungGen      total 4096K, used 4083K [0x00000000d5580000, 0x00000000d5f80000, 0x0000000100000000)
  eden space 2560K, 100% used [0x00000000d5580000,0x00000000d5800000,0x00000000d5800000)
  from space 1536K, 99% used [0x00000000d5800000,0x00000000d597ce40,0x00000000d5980000)
  to   space 3584K, 30% used [0x00000000d5c00000,0x00000000d5d12460,0x00000000d5f80000)
 ParOldGen       total 126976K, used 126972K [0x0000000080000000, 0x0000000087c00000, 0x00000000d5580000)
  object space 126976K, 99% used [0x0000000080000000,0x0000000087bff1b0,0x0000000087c00000)
 Metaspace       used 67952K, committed 70208K, reserved 1114112K
  class space    used 6937K, committed 7808K, reserved 1048576K

Card table byte_map: [0x00000180fc1b0000,0x00000180fc5c0000] _byte_map_base: 0x00000180fbdb0000

Marking Bits: (ParMarkBitMap*) 0x00007fffb49da340
 Begin Bits: [0x000001808f000000, 0x0000018091000000)
 End Bits:   [0x0000018091000000, 0x0000018093000000)

Polling page: 0x00000180f7190000

Metaspace:

Usage:
  Non-class:     59.58 MB used.
      Class:      6.78 MB used.
       Both:     66.36 MB used.

Virtual space:
  Non-class space:       64.00 MB reserved,      60.94 MB ( 95%) committed,  1 nodes.
      Class space:        1.00 GB reserved,       7.62 MB ( <1%) committed,  1 nodes.
             Both:        1.06 GB reserved,      68.56 MB (  6%) committed. 

Chunk freelists:
   Non-Class:  3.53 MB
       Class:  8.70 MB
        Both:  12.23 MB

MaxMetaspaceSize: unlimited
CompressedClassSpaceSize: 1.00 GB
Initial GC threshold: 21.00 MB
Current GC threshold: 114.31 MB
CDS: on
 - commit_granule_bytes: 65536.
 - commit_granule_words: 8192.
 - virtual_space_node_default_size: 8388608.
 - enlarge_chunks_in_place: 1.
 - use_allocation_guard: 0.


Internal statistics:

num_allocs_failed_limit: 9.
num_arena_births: 1388.
num_arena_deaths: 472.
num_vsnodes_births: 2.
num_vsnodes_deaths: 0.
num_space_committed: 1100.
num_space_uncommitted: 3.
num_chunks_returned_to_freelist: 611.
num_chunks_taken_from_freelist: 4987.
num_chunk_merges: 167.
num_chunk_splits: 2853.
num_chunks_enlarged: 1327.
num_inconsistent_stats: 0.

CodeHeap 'non-profiled nmethods': size=119168Kb used=9283Kb max_used=10131Kb free=109884Kb
 bounds [0x0000018087ba0000, 0x0000018088590000, 0x000001808f000000]
CodeHeap 'profiled nmethods': size=119104Kb used=29744Kb max_used=33766Kb free=89359Kb
 bounds [0x0000018080000000, 0x0000018082100000, 0x0000018087450000]
CodeHeap 'non-nmethods': size=7488Kb used=2022Kb max_used=3240Kb free=5465Kb
 bounds [0x0000018087450000, 0x0000018087790000, 0x0000018087ba0000]
CodeCache: size=245760Kb, used=41049Kb, max_used=47137Kb, free=204708Kb
 total_blobs=13438, nmethods=12670, adapters=671, full_count=0
Compilation: enabled, stopped_count=0, restarted_count=0

Compilation events (20 events):
Event: 2700.421 Thread 0x00000180fe1646f0 nmethod 14566 0x00000180802e8990 code [0x00000180802e8ce0, 0x00000180802e9e58]
Event: 2700.425 Thread 0x00000180df83b680 nmethod 14558 0x0000018087f5df90 code [0x0000018087f5e140, 0x0000018087f5e778]
Event: 2700.425 Thread 0x00000180df83b680 14562 %     4       org.lombokweb.asm.ClassReader::<init> @ 95 (359 bytes)
Event: 2700.426 Thread 0x00000180fe1646f0 14568       3       java.lang.Thread::getPriority (17 bytes)
Event: 2700.426 Thread 0x00000180df838da0 14569       1       jdk.internal.vm.SharedThreadContainer::owner (2 bytes)
Event: 2700.427 Thread 0x00000180df838da0 nmethod 14569 0x0000018088110910 code [0x0000018088110aa0, 0x0000018088110b70]
Event: 2700.427 Thread 0x00000180fe1646f0 nmethod 14568 0x0000018080184a90 code [0x0000018080184c40, 0x0000018080184f08]
Event: 2700.427 Thread 0x00000180df838da0 14570       3       java.util.concurrent.AbstractExecutorService::submit (25 bytes)
Event: 2700.427 Thread 0x00000180fe1646f0 14571       3       java.util.concurrent.AbstractExecutorService::newTaskFor (9 bytes)
Event: 2700.428 Thread 0x00000180df838da0 nmethod 14570 0x0000018080215090 code [0x0000018080215260, 0x0000018080215610]
Event: 2700.428 Thread 0x00000180df838da0 14572       3       java.util.concurrent.FutureTask::<init> (27 bytes)
Event: 2700.428 Thread 0x00000180fe1646f0 nmethod 14571 0x000001808038c390 code [0x000001808038c560, 0x000001808038c8b0]
Event: 2700.428 Thread 0x00000180fe1646f0 14573       1       java.lang.Thread::setThreadContainer (6 bytes)
Event: 2700.428 Thread 0x00000180df838da0 nmethod 14572 0x00000180802c2790 code [0x00000180802c2940, 0x00000180802c2bd0]
Event: 2700.428 Thread 0x00000180fe1646f0 nmethod 14573 0x0000018087d7e610 code [0x0000018087d7e7a0, 0x0000018087d7e880]
Event: 2700.429 Thread 0x00000180fe1646f0 14575   !   3       sun.nio.ch.IOUtil::read (133 bytes)
Event: 2700.429 Thread 0x00000180df838da0 14576   !   3       sun.nio.ch.IOUtil::readIntoNativeBuffer (169 bytes)
Event: 2700.432 Thread 0x00000180df838da0 nmethod 14576 0x0000018080064090 code [0x00000180800643e0, 0x00000180800657d0]
Event: 2700.432 Thread 0x00000180df838da0 14581       3       org.eclipse.core.internal.resources.CharsetManager::internalGetCharsetFor (63 bytes)
Event: 2700.432 Thread 0x00000180fe1646f0 nmethod 14575 0x00000180800d1810 code [0x00000180800d1a80, 0x00000180800d23b0]

GC Heap History (20 events):
Event: 2700.356 GC heap after
{Heap after GC invocations=69 (full 4):
 PSYoungGen      total 7680K, used 3008K [0x00000000d5580000, 0x00000000d6000000, 0x0000000100000000)
  eden space 4608K, 0% used [0x00000000d5580000,0x00000000d5580000,0x00000000d5a00000)
  from space 3072K, 97% used [0x00000000d5a00000,0x00000000d5cf0000,0x00000000d5d00000)
  to   space 3072K, 0% used [0x00000000d5d00000,0x00000000d5d00000,0x00000000d6000000)
 ParOldGen       total 105984K, used 105909K [0x0000000080000000, 0x0000000086780000, 0x00000000d5580000)
  object space 105984K, 99% used [0x0000000080000000,0x000000008676d7b8,0x0000000086780000)
 Metaspace       used 67891K, committed 70208K, reserved 1114112K
  class space    used 6937K, committed 7808K, reserved 1048576K
}
Event: 2700.379 GC heap before
{Heap before GC invocations=70 (full 4):
 PSYoungGen      total 7680K, used 7616K [0x00000000d5580000, 0x00000000d6000000, 0x0000000100000000)
  eden space 4608K, 100% used [0x00000000d5580000,0x00000000d5a00000,0x00000000d5a00000)
  from space 3072K, 97% used [0x00000000d5a00000,0x00000000d5cf0000,0x00000000d5d00000)
  to   space 3072K, 0% used [0x00000000d5d00000,0x00000000d5d00000,0x00000000d6000000)
 ParOldGen       total 105984K, used 105909K [0x0000000080000000, 0x0000000086780000, 0x00000000d5580000)
  object space 105984K, 99% used [0x0000000080000000,0x000000008676d7b8,0x0000000086780000)
 Metaspace       used 67908K, committed 70208K, reserved 1114112K
  class space    used 6937K, committed 7808K, reserved 1048576K
}
Event: 2700.383 GC heap after
{Heap after GC invocations=70 (full 4):
 PSYoungGen      total 3584K, used 3042K [0x00000000d5580000, 0x00000000d6800000, 0x0000000100000000)
  eden space 512K, 0% used [0x00000000d5580000,0x00000000d5580000,0x00000000d5600000)
  from space 3072K, 99% used [0x00000000d5d00000,0x00000000d5ff8a80,0x00000000d6000000)
  to   space 7168K, 0% used [0x00000000d5600000,0x00000000d5600000,0x00000000d5d00000)
 ParOldGen       total 109056K, used 109036K [0x0000000080000000, 0x0000000086a80000, 0x00000000d5580000)
  object space 109056K, 99% used [0x0000000080000000,0x0000000086a7b330,0x0000000086a80000)
 Metaspace       used 67908K, committed 70208K, reserved 1114112K
  class space    used 6937K, committed 7808K, reserved 1048576K
}
Event: 2700.385 GC heap before
{Heap before GC invocations=71 (full 4):
 PSYoungGen      total 3584K, used 3550K [0x00000000d5580000, 0x00000000d6800000, 0x0000000100000000)
  eden space 512K, 99% used [0x00000000d5580000,0x00000000d55ff040,0x00000000d5600000)
  from space 3072K, 99% used [0x00000000d5d00000,0x00000000d5ff8a80,0x00000000d6000000)
  to   space 7168K, 0% used [0x00000000d5600000,0x00000000d5600000,0x00000000d5d00000)
 ParOldGen       total 109056K, used 109036K [0x0000000080000000, 0x0000000086a80000, 0x00000000d5580000)
  object space 109056K, 99% used [0x0000000080000000,0x0000000086a7b330,0x0000000086a80000)
 Metaspace       used 67908K, committed 70208K, reserved 1114112K
  class space    used 6937K, committed 7808K, reserved 1048576K
}
Event: 2700.388 GC heap after
{Heap after GC invocations=71 (full 4):
 PSYoungGen      total 1024K, used 503K [0x00000000d5580000, 0x00000000d5d80000, 0x0000000100000000)
  eden space 512K, 0% used [0x00000000d5580000,0x00000000d5580000,0x00000000d5600000)
  from space 512K, 98% used [0x00000000d5600000,0x00000000d567dc10,0x00000000d5680000)
  to   space 3072K, 0% used [0x00000000d5a80000,0x00000000d5a80000,0x00000000d5d80000)
 ParOldGen       total 111616K, used 111198K [0x0000000080000000, 0x0000000086d00000, 0x00000000d5580000)
  object space 111616K, 99% used [0x0000000080000000,0x0000000086c97ab0,0x0000000086d00000)
 Metaspace       used 67908K, committed 70208K, reserved 1114112K
  class space    used 6937K, committed 7808K, reserved 1048576K
}
Event: 2700.388 GC heap before
{Heap before GC invocations=72 (full 4):
 PSYoungGen      total 1024K, used 1015K [0x00000000d5580000, 0x00000000d5d80000, 0x0000000100000000)
  eden space 512K, 100% used [0x00000000d5580000,0x00000000d5600000,0x00000000d5600000)
  from space 512K, 98% used [0x00000000d5600000,0x00000000d567dc10,0x00000000d5680000)
  to   space 3072K, 0% used [0x00000000d5a80000,0x00000000d5a80000,0x00000000d5d80000)
 ParOldGen       total 111616K, used 111198K [0x0000000080000000, 0x0000000086d00000, 0x00000000d5580000)
  object space 111616K, 99% used [0x0000000080000000,0x0000000086c97ab0,0x0000000086d00000)
 Metaspace       used 67908K, committed 70208K, reserved 1114112K
  class space    used 6937K, committed 7808K, reserved 1048576K
}
Event: 2700.389 GC heap after
{Heap after GC invocations=72 (full 4):
 PSYoungGen      total 2048K, used 666K [0x00000000d5580000, 0x00000000d5b80000, 0x0000000100000000)
  eden space 1024K, 0% used [0x00000000d5580000,0x00000000d5580000,0x00000000d5680000)
  from space 1024K, 65% used [0x00000000d5a80000,0x00000000d5b26a18,0x00000000d5b80000)
  to   space 1024K, 0% used [0x00000000d5980000,0x00000000d5980000,0x00000000d5a80000)
 ParOldGen       total 112128K, used 111780K [0x0000000080000000, 0x0000000086d80000, 0x00000000d5580000)
  object space 112128K, 99% used [0x0000000080000000,0x0000000086d292d0,0x0000000086d80000)
 Metaspace       used 67908K, committed 70208K, reserved 1114112K
  class space    used 6937K, committed 7808K, reserved 1048576K
}
Event: 2700.392 GC heap before
{Heap before GC invocations=73 (full 4):
 PSYoungGen      total 2048K, used 1690K [0x00000000d5580000, 0x00000000d5b80000, 0x0000000100000000)
  eden space 1024K, 100% used [0x00000000d5580000,0x00000000d5680000,0x00000000d5680000)
  from space 1024K, 65% used [0x00000000d5a80000,0x00000000d5b26a18,0x00000000d5b80000)
  to   space 1024K, 0% used [0x00000000d5980000,0x00000000d5980000,0x00000000d5a80000)
 ParOldGen       total 112128K, used 111780K [0x0000000080000000, 0x0000000086d80000, 0x00000000d5580000)
  object space 112128K, 99% used [0x0000000080000000,0x0000000086d292d0,0x0000000086d80000)
 Metaspace       used 67910K, committed 70208K, reserved 1114112K
  class space    used 6937K, committed 7808K, reserved 1048576K
}
Event: 2700.393 GC heap after
{Heap after GC invocations=73 (full 4):
 PSYoungGen      total 2560K, used 905K [0x00000000d5580000, 0x00000000d5b00000, 0x0000000100000000)
  eden space 1536K, 0% used [0x00000000d5580000,0x00000000d5580000,0x00000000d5700000)
  from space 1024K, 88% used [0x00000000d5980000,0x00000000d5a62440,0x00000000d5a80000)
  to   space 512K, 0% used [0x00000000d5a80000,0x00000000d5a80000,0x00000000d5b00000)
 ParOldGen       total 112640K, used 112176K [0x0000000080000000, 0x0000000086e00000, 0x00000000d5580000)
  object space 112640K, 99% used [0x0000000080000000,0x0000000086d8c2c0,0x0000000086e00000)
 Metaspace       used 67910K, committed 70208K, reserved 1114112K
  class space    used 6937K, committed 7808K, reserved 1048576K
}
Event: 2700.397 GC heap before
{Heap before GC invocations=74 (full 4):
 PSYoungGen      total 2560K, used 2441K [0x00000000d5580000, 0x00000000d5b00000, 0x0000000100000000)
  eden space 1536K, 100% used [0x00000000d5580000,0x00000000d5700000,0x00000000d5700000)
  from space 1024K, 88% used [0x00000000d5980000,0x00000000d5a62440,0x00000000d5a80000)
  to   space 512K, 0% used [0x00000000d5a80000,0x00000000d5a80000,0x00000000d5b00000)
 ParOldGen       total 112640K, used 112176K [0x0000000080000000, 0x0000000086e00000, 0x00000000d5580000)
  object space 112640K, 99% used [0x0000000080000000,0x0000000086d8c2c0,0x0000000086e00000)
 Metaspace       used 67914K, committed 70208K, reserved 1114112K
  class space    used 6937K, committed 7808K, reserved 1048576K
}
Event: 2700.398 GC heap after
{Heap after GC invocations=74 (full 4):
 PSYoungGen      total 2560K, used 490K [0x00000000d5580000, 0x00000000d5b80000, 0x0000000100000000)
  eden space 2048K, 0% used [0x00000000d5580000,0x00000000d5580000,0x00000000d5780000)
  from space 512K, 95% used [0x00000000d5a80000,0x00000000d5afa9f8,0x00000000d5b00000)
  to   space 2048K, 0% used [0x00000000d5780000,0x00000000d5780000,0x00000000d5980000)
 ParOldGen       total 113664K, used 113452K [0x0000000080000000, 0x0000000086f00000, 0x00000000d5580000)
  object space 113664K, 99% used [0x0000000080000000,0x0000000086ecb2b8,0x0000000086f00000)
 Metaspace       used 67914K, committed 70208K, reserved 1114112K
  class space    used 6937K, committed 7808K, reserved 1048576K
}
Event: 2700.403 GC heap before
{Heap before GC invocations=75 (full 4):
 PSYoungGen      total 2560K, used 2427K [0x00000000d5580000, 0x00000000d5b80000, 0x0000000100000000)
  eden space 2048K, 94% used [0x00000000d5580000,0x00000000d5764210,0x00000000d5780000)
  from space 512K, 95% used [0x00000000d5a80000,0x00000000d5afa9f8,0x00000000d5b00000)
  to   space 2048K, 0% used [0x00000000d5780000,0x00000000d5780000,0x00000000d5980000)
 ParOldGen       total 113664K, used 113452K [0x0000000080000000, 0x0000000086f00000, 0x00000000d5580000)
  object space 113664K, 99% used [0x0000000080000000,0x0000000086ecb2b8,0x0000000086f00000)
 Metaspace       used 67920K, committed 70208K, reserved 1114112K
  class space    used 6937K, committed 7808K, reserved 1048576K
}
Event: 2700.404 GC heap after
{Heap after GC invocations=75 (full 4):
 PSYoungGen      total 4096K, used 1449K [0x00000000d5580000, 0x00000000d5c00000, 0x0000000100000000)
  eden space 2048K, 0% used [0x00000000d5580000,0x00000000d5580000,0x00000000d5780000)
  from space 2048K, 70% used [0x00000000d5780000,0x00000000d58ea678,0x00000000d5980000)
  to   space 2048K, 0% used [0x00000000d5a00000,0x00000000d5a00000,0x00000000d5c00000)
 ParOldGen       total 114176K, used 113954K [0x0000000080000000, 0x0000000086f80000, 0x00000000d5580000)
  object space 114176K, 99% used [0x0000000080000000,0x0000000086f488f0,0x0000000086f80000)
 Metaspace       used 67920K, committed 70208K, reserved 1114112K
  class space    used 6937K, committed 7808K, reserved 1048576K
}
Event: 2700.408 GC heap before
{Heap before GC invocations=76 (full 4):
 PSYoungGen      total 4096K, used 3470K [0x00000000d5580000, 0x00000000d5c00000, 0x0000000100000000)
  eden space 2048K, 98% used [0x00000000d5580000,0x00000000d57793c0,0x00000000d5780000)
  from space 2048K, 70% used [0x00000000d5780000,0x00000000d58ea678,0x00000000d5980000)
  to   space 2048K, 0% used [0x00000000d5a00000,0x00000000d5a00000,0x00000000d5c00000)
 ParOldGen       total 114176K, used 113954K [0x0000000080000000, 0x0000000086f80000, 0x00000000d5580000)
  object space 114176K, 99% used [0x0000000080000000,0x0000000086f488f0,0x0000000086f80000)
 Metaspace       used 67922K, committed 70208K, reserved 1114112K
  class space    used 6937K, committed 7808K, reserved 1048576K
}
Event: 2700.410 GC heap after
{Heap after GC invocations=76 (full 4):
 PSYoungGen      total 4608K, used 1626K [0x00000000d5580000, 0x00000000d5c00000, 0x0000000100000000)
  eden space 2560K, 0% used [0x00000000d5580000,0x00000000d5580000,0x00000000d5800000)
  from space 2048K, 79% used [0x00000000d5a00000,0x00000000d5b96a58,0x00000000d5c00000)
  to   space 2048K, 0% used [0x00000000d5800000,0x00000000d5800000,0x00000000d5a00000)
 ParOldGen       total 115712K, used 115275K [0x0000000080000000, 0x0000000087100000, 0x00000000d5580000)
  object space 115712K, 99% used [0x0000000080000000,0x0000000087092f68,0x0000000087100000)
 Metaspace       used 67922K, committed 70208K, reserved 1114112K
  class space    used 6937K, committed 7808K, reserved 1048576K
}
Event: 2700.415 GC heap before
{Heap before GC invocations=77 (full 4):
 PSYoungGen      total 4608K, used 4168K [0x00000000d5580000, 0x00000000d5c00000, 0x0000000100000000)
  eden space 2560K, 99% used [0x00000000d5580000,0x00000000d57fb628,0x00000000d5800000)
  from space 2048K, 79% used [0x00000000d5a00000,0x00000000d5b96a58,0x00000000d5c00000)
  to   space 2048K, 0% used [0x00000000d5800000,0x00000000d5800000,0x00000000d5a00000)
 ParOldGen       total 115712K, used 115275K [0x0000000080000000, 0x0000000087100000, 0x00000000d5580000)
  object space 115712K, 99% used [0x0000000080000000,0x0000000087092f68,0x0000000087100000)
 Metaspace       used 67922K, committed 70208K, reserved 1114112K
  class space    used 6937K, committed 7808K, reserved 1048576K
}
Event: 2700.416 GC heap after
{Heap after GC invocations=77 (full 4):
 PSYoungGen      total 4608K, used 1227K [0x00000000d5580000, 0x00000000d5b80000, 0x0000000100000000)
  eden space 2560K, 0% used [0x00000000d5580000,0x00000000d5580000,0x00000000d5800000)
  from space 2048K, 59% used [0x00000000d5800000,0x00000000d5932c20,0x00000000d5a00000)
  to   space 1536K, 0% used [0x00000000d5a00000,0x00000000d5a00000,0x00000000d5b80000)
 ParOldGen       total 116224K, used 115827K [0x0000000080000000, 0x0000000087180000, 0x00000000d5580000)
  object space 116224K, 99% used [0x0000000080000000,0x000000008711cf68,0x0000000087180000)
 Metaspace       used 67922K, committed 70208K, reserved 1114112K
  class space    used 6937K, committed 7808K, reserved 1048576K
}
Event: 2700.422 GC heap before
{Heap before GC invocations=78 (full 4):
 PSYoungGen      total 4608K, used 3787K [0x00000000d5580000, 0x00000000d5b80000, 0x0000000100000000)
  eden space 2560K, 100% used [0x00000000d5580000,0x00000000d5800000,0x00000000d5800000)
  from space 2048K, 59% used [0x00000000d5800000,0x00000000d5932c20,0x00000000d5a00000)
  to   space 1536K, 0% used [0x00000000d5a00000,0x00000000d5a00000,0x00000000d5b80000)
 ParOldGen       total 116224K, used 115827K [0x0000000080000000, 0x0000000087180000, 0x00000000d5580000)
  object space 116224K, 99% used [0x0000000080000000,0x000000008711cf68,0x0000000087180000)
 Metaspace       used 67926K, committed 70208K, reserved 1114112K
  class space    used 6937K, committed 7808K, reserved 1048576K
}
Event: 2700.423 GC heap after
{Heap after GC invocations=78 (full 4):
 PSYoungGen      total 4608K, used 1478K [0x00000000d5580000, 0x00000000d5b80000, 0x0000000100000000)
  eden space 3072K, 0% used [0x00000000d5580000,0x00000000d5580000,0x00000000d5880000)
  from space 1536K, 96% used [0x00000000d5a00000,0x00000000d5b718b0,0x00000000d5b80000)
  to   space 1536K, 0% used [0x00000000d5880000,0x00000000d5880000,0x00000000d5a00000)
 ParOldGen       total 116736K, used 116619K [0x0000000080000000, 0x0000000087200000, 0x00000000d5580000)
  object space 116736K, 99% used [0x0000000080000000,0x00000000871e2f68,0x0000000087200000)
 Metaspace       used 67926K, committed 70208K, reserved 1114112K
  class space    used 6937K, committed 7808K, reserved 1048576K
}
Event: 2700.448 GC heap before
{Heap before GC invocations=79 (full 4):
 PSYoungGen      total 4608K, used 4550K [0x00000000d5580000, 0x00000000d5b80000, 0x0000000100000000)
  eden space 3072K, 100% used [0x00000000d5580000,0x00000000d5880000,0x00000000d5880000)
  from space 1536K, 96% used [0x00000000d5a00000,0x00000000d5b718b0,0x00000000d5b80000)
  to   space 1536K, 0% used [0x00000000d5880000,0x00000000d5880000,0x00000000d5a00000)
 ParOldGen       total 116736K, used 116619K [0x0000000080000000, 0x0000000087200000, 0x00000000d5580000)
  object space 116736K, 99% used [0x0000000080000000,0x00000000871e2f68,0x0000000087200000)
 Metaspace       used 67933K, committed 70208K, reserved 1114112K
  class space    used 6937K, committed 7808K, reserved 1048576K
}

Dll operation events (11 events):
Event: 0.026 Loaded shared library c:\Users\24649\.trae\extensions\redhat.java-1.47.0-win32-x64\jre\21.0.8-win32-x86_64\bin\java.dll
Event: 0.075 Loaded shared library c:\Users\24649\.trae\extensions\redhat.java-1.47.0-win32-x64\jre\21.0.8-win32-x86_64\bin\zip.dll
Event: 0.188 Loaded shared library C:\Users\24649\.trae\extensions\redhat.java-1.47.0-win32-x64\jre\21.0.8-win32-x86_64\bin\instrument.dll
Event: 0.200 Loaded shared library C:\Users\24649\.trae\extensions\redhat.java-1.47.0-win32-x64\jre\21.0.8-win32-x86_64\bin\net.dll
Event: 0.207 Loaded shared library C:\Users\24649\.trae\extensions\redhat.java-1.47.0-win32-x64\jre\21.0.8-win32-x86_64\bin\nio.dll
Event: 0.215 Loaded shared library C:\Users\24649\.trae\extensions\redhat.java-1.47.0-win32-x64\jre\21.0.8-win32-x86_64\bin\zip.dll
Event: 0.244 Loaded shared library C:\Users\24649\.trae\extensions\redhat.java-1.47.0-win32-x64\jre\21.0.8-win32-x86_64\bin\jimage.dll
Event: 0.357 Loaded shared library c:\Users\24649\.trae\extensions\redhat.java-1.47.0-win32-x64\jre\21.0.8-win32-x86_64\bin\verify.dll
Event: 2.314 Loaded shared library C:\Users\24649\AppData\Roaming\Trae\User\globalStorage\redhat.java\1.47.0\config_win\org.eclipse.equinox.launcher\org.eclipse.equinox.launcher.win32.win32.x86_64_1.2.1400.v20250801-0854\eclipse_11916.dll
Event: 4.711 Loaded shared library C:\Users\24649\AppData\Local\Temp\jna-47778745\jna5314622615241367558.dll
Event: 2692.801 Loaded shared library C:\Users\24649\.trae\extensions\redhat.java-1.47.0-win32-x64\jre\21.0.8-win32-x86_64\bin\sunmscapi.dll

Deoptimization events (20 events):
Event: 2700.341 Thread 0x00000180de978c50 Uncommon trap: trap_request=0xffffffc6 fr.pc=0x0000018087dc08a0 relative=0x0000000000001120
Event: 2700.341 Thread 0x00000180de978c50 Uncommon trap: reason=bimorphic_or_optimized_type_check action=maybe_recompile pc=0x0000018087dc08a0 method=com.google.gson.internal.bind.TypeAdapterRuntimeTypeWrapper.read(Lcom/google/gson/stream/JsonReader;)Ljava/lang/Object; @ 5 c2
Event: 2700.341 Thread 0x00000180de978c50 DEOPT PACKING pc=0x0000018087dc08a0 sp=0x0000006ecb1ff010
Event: 2700.341 Thread 0x00000180de978c50 DEOPT UNPACKING pc=0x00000180874a6da2 sp=0x0000006ecb1fef90 mode 2
Event: 2700.379 Thread 0x00000180de977f30 Uncommon trap: trap_request=0xffffffde fr.pc=0x00000180881569b4 relative=0x0000000000000b34
Event: 2700.379 Thread 0x00000180de977f30 Uncommon trap: reason=class_check action=maybe_recompile pc=0x00000180881569b4 method=java.io.FilterInputStream.read([B)I @ 5 c2
Event: 2700.379 Thread 0x00000180de977f30 DEOPT PACKING pc=0x00000180881569b4 sp=0x0000006ecaffc050
Event: 2700.379 Thread 0x00000180de977f30 DEOPT UNPACKING pc=0x00000180874a6da2 sp=0x0000006ecaffc048 mode 2
Event: 2700.384 Thread 0x00000180de977f30 Uncommon trap: trap_request=0xffffffde fr.pc=0x00000180881569b4 relative=0x0000000000000b34
Event: 2700.384 Thread 0x00000180de977f30 Uncommon trap: reason=class_check action=maybe_recompile pc=0x00000180881569b4 method=java.io.FilterInputStream.read([B)I @ 5 c2
Event: 2700.384 Thread 0x00000180de977f30 DEOPT PACKING pc=0x00000180881569b4 sp=0x0000006ecaffc050
Event: 2700.384 Thread 0x00000180de977f30 DEOPT UNPACKING pc=0x00000180874a6da2 sp=0x0000006ecaffc048 mode 2
Event: 2700.396 Thread 0x00000180de977f30 Uncommon trap: trap_request=0xffffffde fr.pc=0x00000180881569b4 relative=0x0000000000000b34
Event: 2700.396 Thread 0x00000180de977f30 Uncommon trap: reason=class_check action=maybe_recompile pc=0x00000180881569b4 method=java.io.FilterInputStream.read([B)I @ 5 c2
Event: 2700.396 Thread 0x00000180de977f30 DEOPT PACKING pc=0x00000180881569b4 sp=0x0000006ecaffc050
Event: 2700.396 Thread 0x00000180de977f30 DEOPT UNPACKING pc=0x00000180874a6da2 sp=0x0000006ecaffc048 mode 2
Event: 2700.396 Thread 0x00000180de977f30 Uncommon trap: trap_request=0xffffffde fr.pc=0x00000180881569b4 relative=0x0000000000000b34
Event: 2700.396 Thread 0x00000180de977f30 Uncommon trap: reason=class_check action=maybe_recompile pc=0x00000180881569b4 method=java.io.FilterInputStream.read([B)I @ 5 c2
Event: 2700.396 Thread 0x00000180de977f30 DEOPT PACKING pc=0x00000180881569b4 sp=0x0000006ecaffc050
Event: 2700.396 Thread 0x00000180de977f30 DEOPT UNPACKING pc=0x00000180874a6da2 sp=0x0000006ecaffc048 mode 2

Classes loaded (20 events):
Event: 2694.889 Loading class com/sun/crypto/provider/ElectronicCodeBook
Event: 2694.889 Loading class com/sun/crypto/provider/FeedbackCipher
Event: 2694.889 Loading class com/sun/crypto/provider/FeedbackCipher done
Event: 2694.890 Loading class com/sun/crypto/provider/ElectronicCodeBook done
Event: 2694.890 Loading class com/sun/crypto/provider/PKCS5Padding
Event: 2694.890 Loading class com/sun/crypto/provider/Padding
Event: 2694.890 Loading class com/sun/crypto/provider/Padding done
Event: 2694.890 Loading class com/sun/crypto/provider/PKCS5Padding done
Event: 2694.891 Loading class com/sun/crypto/provider/CipherBlockChaining
Event: 2694.891 Loading class com/sun/crypto/provider/CipherBlockChaining done
Event: 2694.892 Loading class javax/crypto/NullCipher
Event: 2694.892 Loading class javax/crypto/NullCipher done
Event: 2694.892 Loading class sun/security/util/ArrayUtil
Event: 2694.893 Loading class sun/security/util/ArrayUtil done
Event: 2694.911 Loading class java/lang/UnsupportedClassVersionError
Event: 2694.911 Loading class java/lang/UnsupportedClassVersionError done
Event: 2694.936 Loading class java/util/zip/CheckedInputStream
Event: 2694.936 Loading class java/util/zip/CheckedInputStream done
Event: 2700.228 Loading class java/util/zip/GZIPInputStream$1
Event: 2700.229 Loading class java/util/zip/GZIPInputStream$1 done

Classes unloaded (20 events):
Event: 2700.064 Thread 0x00000180f6f4eb50 Unloading class 0x0000018094014800 'java/lang/invoke/LambdaForm$MH+0x0000018094014800'
Event: 2700.064 Thread 0x00000180f6f4eb50 Unloading class 0x000001809400d800 'java/lang/invoke/LambdaForm$MH+0x000001809400d800'
Event: 2700.064 Thread 0x00000180f6f4eb50 Unloading class 0x000001809400d400 'java/lang/invoke/LambdaForm$MH+0x000001809400d400'
Event: 2700.064 Thread 0x00000180f6f4eb50 Unloading class 0x000001809400d000 'java/lang/invoke/LambdaForm$MH+0x000001809400d000'
Event: 2700.064 Thread 0x00000180f6f4eb50 Unloading class 0x000001809400cc00 'java/lang/invoke/LambdaForm$MH+0x000001809400cc00'
Event: 2700.064 Thread 0x00000180f6f4eb50 Unloading class 0x000001809400c800 'java/lang/invoke/LambdaForm$BMH+0x000001809400c800'
Event: 2700.064 Thread 0x00000180f6f4eb50 Unloading class 0x000001809400c000 'java/lang/invoke/LambdaForm$DMH+0x000001809400c000'
Event: 2700.064 Thread 0x00000180f6f4eb50 Unloading class 0x0000018094008c00 'java/lang/invoke/LambdaForm$MH+0x0000018094008c00'
Event: 2700.064 Thread 0x00000180f6f4eb50 Unloading class 0x0000018094008800 'java/lang/invoke/LambdaForm$MH+0x0000018094008800'
Event: 2700.064 Thread 0x00000180f6f4eb50 Unloading class 0x0000018094008400 'java/lang/invoke/LambdaForm$MH+0x0000018094008400'
Event: 2700.064 Thread 0x00000180f6f4eb50 Unloading class 0x0000018094007000 'java/lang/invoke/LambdaForm$MH+0x0000018094007000'
Event: 2700.064 Thread 0x00000180f6f4eb50 Unloading class 0x0000018094006c00 'java/lang/invoke/LambdaForm$MH+0x0000018094006c00'
Event: 2700.064 Thread 0x00000180f6f4eb50 Unloading class 0x0000018094006800 'java/lang/invoke/LambdaForm$MH+0x0000018094006800'
Event: 2700.064 Thread 0x00000180f6f4eb50 Unloading class 0x0000018094006400 'java/lang/invoke/LambdaForm$MH+0x0000018094006400'
Event: 2700.064 Thread 0x00000180f6f4eb50 Unloading class 0x0000018094005c00 'java/lang/invoke/LambdaForm$BMH+0x0000018094005c00'
Event: 2700.064 Thread 0x00000180f6f4eb50 Unloading class 0x0000018094004800 'java/lang/invoke/LambdaForm$DMH+0x0000018094004800'
Event: 2700.064 Thread 0x00000180f6f4eb50 Unloading class 0x0000018094002400 'java/lang/invoke/LambdaForm$MH+0x0000018094002400'
Event: 2700.064 Thread 0x00000180f6f4eb50 Unloading class 0x0000018094002000 'java/lang/invoke/LambdaForm$MH+0x0000018094002000'
Event: 2700.064 Thread 0x00000180f6f4eb50 Unloading class 0x0000018094001800 'java/lang/invoke/LambdaForm$MH+0x0000018094001800'
Event: 2700.064 Thread 0x00000180f6f4eb50 Unloading class 0x0000018094000400 'java/lang/invoke/LambdaForm$MH+0x0000018094000400'

Classes redefined (0 events):
No events

Internal exceptions (20 events):
Event: 2700.315 Thread 0x00000180de977f30 Exception <a 'java/lang/NullPointerException'{0x00000000d5977580}> (0x00000000d5977580) 
thrown [s\src\hotspot\share\runtime\sharedRuntime.cpp, line 625]
Event: 2700.342 Thread 0x00000180d901e650 Exception <a 'sun/nio/fs/WindowsException'{0x00000000d5780430}> (0x00000000d5780430) 
thrown [s\src\hotspot\share\prims\jni.cpp, line 520]
Event: 2700.345 Thread 0x00000180de97db10 Exception <a 'sun/nio/fs/WindowsException'{0x00000000d5808a48}> (0x00000000d5808a48) 
thrown [s\src\hotspot\share\prims\jni.cpp, line 520]
Event: 2700.347 Thread 0x00000180de97db10 Exception <a 'sun/nio/fs/WindowsException'{0x00000000d58a82c0}> (0x00000000d58a82c0) 
thrown [s\src\hotspot\share\prims\jni.cpp, line 520]
Event: 2700.348 Thread 0x00000180de97b3b0 Exception <a 'sun/nio/fs/WindowsException'{0x00000000d58da810}> (0x00000000d58da810) 
thrown [s\src\hotspot\share\prims\jni.cpp, line 520]
Event: 2700.348 Thread 0x00000180de97e1a0 Exception <a 'sun/nio/fs/WindowsException'{0x00000000d58bcf08}> (0x00000000d58bcf08) 
thrown [s\src\hotspot\share\prims\jni.cpp, line 520]
Event: 2700.348 Thread 0x00000180de97d480 Exception <a 'sun/nio/fs/WindowsException'{0x00000000d5911b70}> (0x00000000d5911b70) 
thrown [s\src\hotspot\share\prims\jni.cpp, line 520]
Event: 2700.349 Thread 0x00000180de97ba40 Exception <a 'sun/nio/fs/WindowsException'{0x00000000d5946498}> (0x00000000d5946498) 
thrown [s\src\hotspot\share\prims\jni.cpp, line 520]
Event: 2700.351 Thread 0x00000180de97c0d0 Exception <a 'sun/nio/fs/WindowsException'{0x00000000d5963e38}> (0x00000000d5963e38) 
thrown [s\src\hotspot\share\prims\jni.cpp, line 520]
Event: 2700.359 Thread 0x00000180daf8a310 Exception <a 'sun/nio/fs/WindowsException'{0x00000000d5590350}> (0x00000000d5590350) 
thrown [s\src\hotspot\share\prims\jni.cpp, line 520]
Event: 2700.359 Thread 0x00000180daf87bb0 Exception <a 'sun/nio/fs/WindowsException'{0x00000000d5599288}> (0x00000000d5599288) 
thrown [s\src\hotspot\share\prims\jni.cpp, line 520]
Event: 2700.361 Thread 0x00000180daf88f60 Exception <a 'sun/nio/fs/WindowsException'{0x00000000d55c8e58}> (0x00000000d55c8e58) 
thrown [s\src\hotspot\share\prims\jni.cpp, line 520]
Event: 2700.361 Thread 0x00000180de97cdf0 Exception <a 'sun/nio/fs/WindowsException'{0x00000000d55b1b20}> (0x00000000d55b1b20) 
thrown [s\src\hotspot\share\prims\jni.cpp, line 520]
Event: 2700.361 Thread 0x00000180daf88240 Exception <a 'sun/nio/fs/WindowsException'{0x00000000d55caf18}> (0x00000000d55caf18) 
thrown [s\src\hotspot\share\prims\jni.cpp, line 520]
Event: 2700.361 Thread 0x00000180daf8a9a0 Exception <a 'sun/nio/fs/WindowsException'{0x00000000d558c288}> (0x00000000d558c288) 
thrown [s\src\hotspot\share\prims\jni.cpp, line 520]
Event: 2700.361 Thread 0x00000180daf8b6c0 Exception <a 'sun/nio/fs/WindowsException'{0x00000000d5584800}> (0x00000000d5584800) 
thrown [s\src\hotspot\share\prims\jni.cpp, line 520]
Event: 2700.362 Thread 0x00000180daf888d0 Exception <a 'sun/nio/fs/WindowsException'{0x00000000d558e130}> (0x00000000d558e130) 
thrown [s\src\hotspot\share\prims\jni.cpp, line 520]
Event: 2700.362 Thread 0x00000180daf8b030 Exception <a 'sun/nio/fs/WindowsException'{0x00000000d5580708}> (0x00000000d5580708) 
thrown [s\src\hotspot\share\prims\jni.cpp, line 520]
Event: 2700.363 Thread 0x00000180daf89c80 Exception <a 'sun/nio/fs/WindowsException'{0x00000000d558aa68}> (0x00000000d558aa68) 
thrown [s\src\hotspot\share\prims\jni.cpp, line 520]
Event: 2700.363 Thread 0x00000180de97d480 Exception <a 'sun/nio/fs/WindowsException'{0x00000000d559b248}> (0x00000000d559b248) 
thrown [s\src\hotspot\share\prims\jni.cpp, line 520]

ZGC Phase Switch (0 events):
No events

VM Operations (20 events):
Event: 2700.356 Executing VM operation: ParallelGCFailedAllocation (Allocation Failure) done
Event: 2700.379 Executing VM operation: ParallelGCFailedAllocation (Allocation Failure)
Event: 2700.383 Executing VM operation: ParallelGCFailedAllocation (Allocation Failure) done
Event: 2700.385 Executing VM operation: ParallelGCFailedAllocation (Allocation Failure)
Event: 2700.388 Executing VM operation: ParallelGCFailedAllocation (Allocation Failure) done
Event: 2700.388 Executing VM operation: ParallelGCFailedAllocation (Allocation Failure)
Event: 2700.389 Executing VM operation: ParallelGCFailedAllocation (Allocation Failure) done
Event: 2700.392 Executing VM operation: ParallelGCFailedAllocation (Allocation Failure)
Event: 2700.393 Executing VM operation: ParallelGCFailedAllocation (Allocation Failure) done
Event: 2700.397 Executing VM operation: ParallelGCFailedAllocation (Allocation Failure)
Event: 2700.398 Executing VM operation: ParallelGCFailedAllocation (Allocation Failure) done
Event: 2700.403 Executing VM operation: ParallelGCFailedAllocation (Allocation Failure)
Event: 2700.404 Executing VM operation: ParallelGCFailedAllocation (Allocation Failure) done
Event: 2700.408 Executing VM operation: ParallelGCFailedAllocation (Allocation Failure)
Event: 2700.410 Executing VM operation: ParallelGCFailedAllocation (Allocation Failure) done
Event: 2700.415 Executing VM operation: ParallelGCFailedAllocation (Allocation Failure)
Event: 2700.416 Executing VM operation: ParallelGCFailedAllocation (Allocation Failure) done
Event: 2700.422 Executing VM operation: ParallelGCFailedAllocation (Allocation Failure)
Event: 2700.424 Executing VM operation: ParallelGCFailedAllocation (Allocation Failure) done
Event: 2700.432 Executing VM operation: ParallelGCFailedAllocation (Allocation Failure)

Memory protections (0 events):
No events

Nmethod flushes (20 events):
Event: 2700.117 Thread 0x00000180f6f4eb50 flushing  nmethod 0x0000018081338490
Event: 2700.117 Thread 0x00000180f6f4eb50 flushing  nmethod 0x000001808133e310
Event: 2700.117 Thread 0x00000180f6f4eb50 flushing  nmethod 0x00000180813c9d90
Event: 2700.117 Thread 0x00000180f6f4eb50 flushing  nmethod 0x0000018081418790
Event: 2700.117 Thread 0x00000180f6f4eb50 flushing  nmethod 0x0000018081419f90
Event: 2700.117 Thread 0x00000180f6f4eb50 flushing  nmethod 0x0000018081429790
Event: 2700.117 Thread 0x00000180f6f4eb50 flushing  nmethod 0x0000018081446f10
Event: 2700.117 Thread 0x00000180f6f4eb50 flushing  nmethod 0x000001808146cf90
Event: 2700.117 Thread 0x00000180f6f4eb50 flushing  nmethod 0x000001808149f310
Event: 2700.117 Thread 0x00000180f6f4eb50 flushing  nmethod 0x00000180814c0490
Event: 2700.117 Thread 0x00000180f6f4eb50 flushing  nmethod 0x0000018081586890
Event: 2700.117 Thread 0x00000180f6f4eb50 flushing  nmethod 0x0000018081587510
Event: 2700.117 Thread 0x00000180f6f4eb50 flushing  nmethod 0x000001808159ab90
Event: 2700.117 Thread 0x00000180f6f4eb50 flushing  nmethod 0x00000180815a7310
Event: 2700.117 Thread 0x00000180f6f4eb50 flushing  nmethod 0x00000180815c0510
Event: 2700.117 Thread 0x00000180f6f4eb50 flushing  nmethod 0x00000180815d2990
Event: 2700.117 Thread 0x00000180f6f4eb50 flushing  nmethod 0x000001808169b110
Event: 2700.117 Thread 0x00000180f6f4eb50 flushing  nmethod 0x000001808169b610
Event: 2700.117 Thread 0x00000180f6f4eb50 flushing  nmethod 0x000001808169fe10
Event: 2700.117 Thread 0x00000180f6f4eb50 flushing  nmethod 0x00000180816a3d90

Events (20 events):
Event: 2700.349 Thread 0x00000180de97c0d0 Thread added: 0x00000180daf8a310
Event: 2700.350 Thread 0x00000180de97d480 Thread added: 0x00000180daf8a9a0
Event: 2700.350 Thread 0x00000180de97ba40 Thread added: 0x00000180daf8b030
Event: 2700.350 Thread 0x00000180daf88f60 Thread added: 0x00000180daf87bb0
Event: 2700.351 Thread 0x00000180de97e1a0 Thread added: 0x00000180daf8b6c0
Event: 2700.352 Thread 0x00000180de97c0d0 Thread added: 0x00000180daf88240
Event: 2700.420 Thread 0x00000180df838da0 Thread added: 0x00000180df83a210
Event: 2700.426 Thread 0x00000180d901e650 Thread added: 0x00000180daf8d790
Event: 2700.426 Thread 0x00000180d901e650 Thread added: 0x00000180daf8ca70
Event: 2700.427 Thread 0x00000180d901e650 Thread added: 0x00000180daf8d100
Event: 2700.427 Thread 0x00000180d901e650 Thread added: 0x00000180daf8de20
Event: 2700.427 Thread 0x00000180d901e650 Thread added: 0x00000180daf8bd50
Event: 2700.428 Thread 0x00000180d901e650 Thread added: 0x00000180daf8e4b0
Event: 2700.428 Thread 0x00000180daf8bd50 Thread added: 0x00000180daf8eb40
Event: 2700.428 Thread 0x00000180daf8ca70 Thread added: 0x00000180daf8f1d0
Event: 2700.429 Thread 0x00000180daf8d790 Thread added: 0x00000180df06ea40
Event: 2700.429 Thread 0x00000180daf8f1d0 Thread added: 0x00000180df06b5c0
Event: 2700.429 Thread 0x00000180daf8eb40 Thread added: 0x00000180df06f0d0
Event: 2700.429 Thread 0x00000180daf8e4b0 Thread added: 0x00000180df06e3b0
Event: 2700.430 Thread 0x00000180df06b5c0 Thread added: 0x00000180df06bc50


Dynamic libraries:
0x00007ff61d250000 - 0x00007ff61d25e000 	c:\Users\24649\.trae\extensions\redhat.java-1.47.0-win32-x64\jre\21.0.8-win32-x86_64\bin\java.exe
0x00007ff8d5f20000 - 0x00007ff8d6188000 	C:\WINDOWS\SYSTEM32\ntdll.dll
0x00007ff8d5200000 - 0x00007ff8d52c9000 	C:\WINDOWS\System32\KERNEL32.DLL
0x00007ff8d36e0000 - 0x00007ff8d3ad8000 	C:\WINDOWS\System32\KERNELBASE.dll
0x00007ff8d3440000 - 0x00007ff8d358b000 	C:\WINDOWS\System32\ucrtbase.dll
0x00007ff89c560000 - 0x00007ff89c578000 	c:\Users\24649\.trae\extensions\redhat.java-1.47.0-win32-x64\jre\21.0.8-win32-x86_64\bin\jli.dll
0x00007ff89e010000 - 0x00007ff89e02e000 	c:\Users\24649\.trae\extensions\redhat.java-1.47.0-win32-x64\jre\21.0.8-win32-x86_64\bin\VCRUNTIME140.dll
0x00007ff8d4190000 - 0x00007ff8d4357000 	C:\WINDOWS\System32\USER32.dll
0x00007ff8b5760000 - 0x00007ff8b59f4000 	C:\WINDOWS\WinSxS\amd64_microsoft.windows.common-controls_6595b64144ccf1df_6.0.26100.7019_none_3e06ffa0e335b8a8\COMCTL32.dll
0x00007ff8d4f90000 - 0x00007ff8d5039000 	C:\WINDOWS\System32\msvcrt.dll
0x00007ff8d5590000 - 0x00007ff8d55bb000 	C:\WINDOWS\System32\GDI32.dll
0x00007ff8d31e0000 - 0x00007ff8d3207000 	C:\WINDOWS\System32\win32u.dll
0x00007ff8d3b90000 - 0x00007ff8d3cbc000 	C:\WINDOWS\System32\gdi32full.dll
0x00007ff8d3390000 - 0x00007ff8d3433000 	C:\WINDOWS\System32\msvcp_win.dll
0x00007ff8d3cc0000 - 0x00007ff8d3cf1000 	C:\WINDOWS\System32\IMM32.DLL
0x0000000055380000 - 0x000000005538d000 	C:\Program Files (x86)\360\360Safe\safemon\SafeWrapper.dll
0x00007ff8d5040000 - 0x00007ff8d50f4000 	C:\WINDOWS\System32\ADVAPI32.dll
0x00007ff8d5710000 - 0x00007ff8d57b6000 	C:\WINDOWS\System32\sechost.dll
0x00007ff8d4070000 - 0x00007ff8d4188000 	C:\WINDOWS\System32\RPCRT4.dll
0x00007ff8cdc80000 - 0x00007ff8cdd84000 	C:\Program Files (x86)\360\360Safe\safemon\libzdtp64.dll
0x00007ff8d4800000 - 0x00007ff8d4f51000 	C:\WINDOWS\System32\SHELL32.dll
0x00007ff8d3070000 - 0x00007ff8d31db000 	C:\WINDOWS\System32\wintypes.dll
0x00007ff8d4470000 - 0x00007ff8d47fb000 	C:\WINDOWS\System32\combase.dll
0x00007ff8d5690000 - 0x00007ff8d56f7000 	C:\WINDOWS\System32\SHLWAPI.dll
0x00007ff8d2a30000 - 0x00007ff8d2a3b000 	C:\WINDOWS\SYSTEM32\VERSION.dll
0x00007ff8cbd60000 - 0x00007ff8cbd6c000 	c:\Users\24649\.trae\extensions\redhat.java-1.47.0-win32-x64\jre\21.0.8-win32-x86_64\bin\vcruntime140_1.dll
0x00007ff858300000 - 0x00007ff85838d000 	c:\Users\24649\.trae\extensions\redhat.java-1.47.0-win32-x64\jre\21.0.8-win32-x86_64\bin\msvcp140.dll
0x00007fffb3d20000 - 0x00007fffb4ab7000 	c:\Users\24649\.trae\extensions\redhat.java-1.47.0-win32-x64\jre\21.0.8-win32-x86_64\bin\server\jvm.dll
0x00007ff8d5cc0000 - 0x00007ff8d5d34000 	C:\WINDOWS\System32\WS2_32.dll
0x00007ff8c11e0000 - 0x00007ff8c1215000 	C:\WINDOWS\SYSTEM32\WINMM.dll
0x00007ff8d1ba0000 - 0x00007ff8d1bfe000 	C:\WINDOWS\SYSTEM32\POWRPROF.dll
0x00007ff8d1b80000 - 0x00007ff8d1b94000 	C:\WINDOWS\SYSTEM32\UMPDC.dll
0x00007ff8d1e60000 - 0x00007ff8d1e7b000 	C:\WINDOWS\SYSTEM32\kernel.appcore.dll
0x00007ff8b74b0000 - 0x00007ff8b74ba000 	c:\Users\24649\.trae\extensions\redhat.java-1.47.0-win32-x64\jre\21.0.8-win32-x86_64\bin\jimage.dll
0x00007ff8d05d0000 - 0x00007ff8d0812000 	C:\WINDOWS\SYSTEM32\DBGHELP.DLL
0x00007ff8d3f90000 - 0x00007ff8d4067000 	C:\WINDOWS\System32\OLEAUT32.dll
0x00007ff8abec0000 - 0x00007ff8abefc000 	C:\WINDOWS\SYSTEM32\dbgcore.DLL
0x00007ff8d3ae0000 - 0x00007ff8d3b85000 	C:\WINDOWS\System32\bcryptPrimitives.dll
0x00007ff8a9060000 - 0x00007ff8a906f000 	c:\Users\24649\.trae\extensions\redhat.java-1.47.0-win32-x64\jre\21.0.8-win32-x86_64\bin\instrument.dll
0x00007ff89c540000 - 0x00007ff89c55f000 	c:\Users\24649\.trae\extensions\redhat.java-1.47.0-win32-x64\jre\21.0.8-win32-x86_64\bin\java.dll
0x00007ff8d0c10000 - 0x00007ff8d146d000 	C:\WINDOWS\SYSTEM32\windows.storage.dll
0x00007ff8d5100000 - 0x00007ff8d51f2000 	C:\WINDOWS\System32\SHCORE.dll
0x00007ff8d2f90000 - 0x00007ff8d2fb9000 	C:\WINDOWS\SYSTEM32\profapi.dll
0x00007ff89a850000 - 0x00007ff89a868000 	c:\Users\24649\.trae\extensions\redhat.java-1.47.0-win32-x64\jre\21.0.8-win32-x86_64\bin\zip.dll
0x00007ff8a80c0000 - 0x00007ff8a80d0000 	C:\Users\24649\.trae\extensions\redhat.java-1.47.0-win32-x64\jre\21.0.8-win32-x86_64\bin\net.dll
0x00007ff8cae10000 - 0x00007ff8caf38000 	C:\WINDOWS\SYSTEM32\WINHTTP.dll
0x00007ff8d2400000 - 0x00007ff8d246b000 	C:\WINDOWS\system32\mswsock.dll
0x00007ff899ec0000 - 0x00007ff899ed6000 	C:\Users\24649\.trae\extensions\redhat.java-1.47.0-win32-x64\jre\21.0.8-win32-x86_64\bin\nio.dll
0x00007ff8a7680000 - 0x00007ff8a7690000 	c:\Users\24649\.trae\extensions\redhat.java-1.47.0-win32-x64\jre\21.0.8-win32-x86_64\bin\verify.dll
0x00007ff850540000 - 0x00007ff850584000 	C:\Users\24649\AppData\Roaming\Trae\User\globalStorage\redhat.java\1.47.0\config_win\org.eclipse.equinox.launcher\org.eclipse.equinox.launcher.win32.win32.x86_64_1.2.1400.v20250801-0854\eclipse_11916.dll
0x00007ff8d5d40000 - 0x00007ff8d5ed7000 	C:\WINDOWS\System32\ole32.dll
0x00007ff8d26c0000 - 0x00007ff8d26db000 	C:\WINDOWS\SYSTEM32\CRYPTSP.dll
0x00007ff8d1dc0000 - 0x00007ff8d1dfa000 	C:\WINDOWS\system32\rsaenh.dll
0x00007ff8d24b0000 - 0x00007ff8d24db000 	C:\WINDOWS\SYSTEM32\USERENV.dll
0x00007ff8d2f60000 - 0x00007ff8d2f8a000 	C:\WINDOWS\SYSTEM32\bcrypt.dll
0x00007ff8d26e0000 - 0x00007ff8d26ec000 	C:\WINDOWS\SYSTEM32\CRYPTBASE.dll
0x00007ff8d2a40000 - 0x00007ff8d2a74000 	C:\WINDOWS\SYSTEM32\IPHLPAPI.DLL
0x00007ff8d4460000 - 0x00007ff8d446a000 	C:\WINDOWS\System32\NSI.dll
0x00007ff84f110000 - 0x00007ff84f159000 	C:\Users\24649\AppData\Local\Temp\jna-47778745\jna5314622615241367558.dll
0x00007ff8d4f80000 - 0x00007ff8d4f88000 	C:\WINDOWS\System32\PSAPI.DLL
0x00007ff8cada0000 - 0x00007ff8cadbe000 	C:\WINDOWS\SYSTEM32\dhcpcsvc6.DLL
0x00007ff8cad70000 - 0x00007ff8cad93000 	C:\WINDOWS\SYSTEM32\dhcpcsvc.DLL
0x00007ff8cdec0000 - 0x00007ff8cdece000 	C:\Users\24649\.trae\extensions\redhat.java-1.47.0-win32-x64\jre\21.0.8-win32-x86_64\bin\sunmscapi.dll
0x00007ff8d3210000 - 0x00007ff8d3387000 	C:\WINDOWS\System32\CRYPT32.dll
0x00007ff8d28e0000 - 0x00007ff8d2910000 	C:\WINDOWS\SYSTEM32\ncrypt.dll
0x00007ff8d2890000 - 0x00007ff8d28cf000 	C:\WINDOWS\SYSTEM32\NTASN1.dll

JVMTI agents:
c:\Users\24649\.trae\extensions\redhat.java-1.47.0-win32-x64\lombok\lombok-1.18.39-4050.jar path:c:\Users\24649\.trae\extensions\redhat.java-1.47.0-win32-x64\jre\21.0.8-win32-x86_64\bin\instrument.dll, loaded, initialized, instrumentlib options:none

dbghelp: loaded successfully - version: 4.0.5 - missing functions: none
symbol engine: initialized successfully - sym options: 0x614 - pdb path: .;c:\Users\24649\.trae\extensions\redhat.java-1.47.0-win32-x64\jre\21.0.8-win32-x86_64\bin;C:\WINDOWS\SYSTEM32;C:\WINDOWS\WinSxS\amd64_microsoft.windows.common-controls_6595b64144ccf1df_6.0.26100.7019_none_3e06ffa0e335b8a8;C:\Program Files (x86)\360\360Safe\safemon;c:\Users\24649\.trae\extensions\redhat.java-1.47.0-win32-x64\jre\21.0.8-win32-x86_64\bin\server;C:\Users\24649\AppData\Roaming\Trae\User\globalStorage\redhat.java\1.47.0\config_win\org.eclipse.equinox.launcher\org.eclipse.equinox.launcher.win32.win32.x86_64_1.2.1400.v20250801-0854;C:\Users\24649\AppData\Local\Temp\jna-47778745

VM Arguments:
jvm_args: --add-modules=ALL-SYSTEM --add-opens=java.base/java.util=ALL-UNNAMED --add-opens=java.base/java.lang=ALL-UNNAMED --add-opens=java.base/sun.nio.fs=ALL-UNNAMED -Declipse.application=org.eclipse.jdt.ls.core.id1 -Dosgi.bundles.defaultStartLevel=4 -Declipse.product=org.eclipse.jdt.ls.core.product -Djava.import.generatesMetadataFilesAtProjectRoot=false -DDetectVMInstallationsJob.disabled=true -Dfile.encoding=utf8 -XX:+UseParallelGC -XX:GCTimeRatio=4 -XX:AdaptiveSizePolicyWeight=90 -Dsun.zip.disableMemoryMapping=true -Xmx2G -Xms100m -Xlog:disable -javaagent:c:\Users\24649\.trae\extensions\redhat.java-1.47.0-win32-x64\lombok\lombok-1.18.39-4050.jar -XX:+HeapDumpOnOutOfMemoryError -XX:HeapDumpPath=c:\Users\24649\AppData\Roaming\Trae\User\workspaceStorage\051cefbd03f66b85d2e9058e55814854\redhat.java -Daether.dependencyCollector.impl=bf 
java_command: c:\Users\24649\.trae\extensions\redhat.java-1.47.0-win32-x64\server\plugins\org.eclipse.equinox.launcher_1.7.100.v20251014-1222.jar -configuration c:\Users\24649\AppData\Roaming\Trae\User\globalStorage\redhat.java\1.47.0\config_win -data c:\Users\24649\AppData\Roaming\Trae\User\workspaceStorage\051cefbd03f66b85d2e9058e55814854\redhat.java\jdt_ws --pipe=\\.\pipe\lsp-59405789e3729a28aa58a386f6f5828e-sock
java_class_path (initial): c:\Users\24649\.trae\extensions\redhat.java-1.47.0-win32-x64\server\plugins\org.eclipse.equinox.launcher_1.7.100.v20251014-1222.jar
Launcher Type: SUN_STANDARD

[Global flags]
    uintx AdaptiveSizePolicyWeight                 = 90                                        {product} {command line}
     intx CICompilerCount                          = 12                                        {product} {ergonomic}
    uintx GCTimeRatio                              = 4                                         {product} {command line}
     bool HeapDumpOnOutOfMemoryError               = true                                   {manageable} {command line}
    ccstr HeapDumpPath                             = c:\Users\24649\AppData\Roaming\Trae\User\workspaceStorage\051cefbd03f66b85d2e9058e55814854\redhat.java         {manageable} {command line}
   size_t InitialHeapSize                          = 104857600                                 {product} {command line}
   size_t MaxHeapSize                              = 2147483648                                {product} {command line}
   size_t MaxNewSize                               = 715653120                                 {product} {ergonomic}
   size_t MinHeapDeltaBytes                        = 524288                                    {product} {ergonomic}
   size_t MinHeapSize                              = 104857600                                 {product} {command line}
   size_t NewSize                                  = 34603008                                  {product} {ergonomic}
    uintx NonNMethodCodeHeapSize                   = 7602480                                {pd product} {ergonomic}
    uintx NonProfiledCodeHeapSize                  = 122027880                              {pd product} {ergonomic}
   size_t OldSize                                  = 70254592                                  {product} {ergonomic}
    uintx ProfiledCodeHeapSize                     = 122027880                              {pd product} {ergonomic}
    uintx ReservedCodeCacheSize                    = 251658240                              {pd product} {ergonomic}
     bool SegmentedCodeCache                       = true                                      {product} {ergonomic}
   size_t SoftMaxHeapSize                          = 2147483648                             {manageable} {ergonomic}
     bool UseCompressedOops                        = true                           {product lp64_product} {ergonomic}
     bool UseLargePagesIndividualAllocation        = false                                  {pd product} {ergonomic}
     bool UseParallelGC                            = true                                      {product} {command line}

Logging:
Log output configuration:
 #0: stdout all=off uptime,level,tags foldmultilines=false
 #1: stderr all=off uptime,level,tags foldmultilines=false

Environment Variables:
JAVA_HOME=C:\Program Files\Java\jdk-21
PATH=C:\Users\24649\.trae\tools\gradle\latest\bin;C:\Program Files\Java\jdk-21\bin;C:\Users\24649\.trae\tools\maven\latest\bin;C:\Program Files\Zulu\zulu-25\bin\;C:\Program Files\Zulu\zulu-21\bin\;C:\Program Files\Eclipse Adoptium\jdk-21.0.4.7-hotspot\bin;C:\Program Files\Common Files\Oracle\Java\javapath;C:\Program Files (x86)\Razer Chroma SDK\bin;C:\Program Files\Razer Chroma SDK\bin;C:\Program Files (x86)\Razer\ChromaBroadcast\bin;C:\Program Files\Razer\ChromaBroadcast\bin;C:\Program Files (x86)\Microsoft Visual Studio\2022\BuildTools;C:\Program Files\Java\jre-17.0.2-full\bin;C:\Windows\system32;C:\Windows;C:\Windows\system32\wbem;C:\Windows\system32\config\systemprofile\AppData\Local\Microsoft\WindowsApps;C:\Program Files\nodejs\;C:\Program Files\Git\cmd;D:\apps\ffmpeg-2024-04-01-git-7bf85d2d3a-full_build\bin;C:\Program Files (x86)\apache-maven-3.9.9\bin;C:\Program Files (x86)\NVIDIA Corporation\PhysX\Common;D:\apps\adb\platform-tools;D:\apps\platform-tools;C:\Users\24649\AppData\Roaming\npm\node_modules\yarn\bin;C:\Users\24649\AppData\Roaming\npm\node_modules;C:\Users\24649\AppData\Roaming\npm;C:\Program Files\dotnet\;C:\ProgramData\chocolatey\bin;C:\WINDOWS\system32;C:\WINDOWS;C:\WINDOWS\System32\Wbem;C:\WINDOWS\System32\WindowsPowerShell\v1.0\;C:\WINDOWS\System32\OpenSSH\;C:\Program Files\NVIDIA Corporation\NVIDIA App\NvDLISR;C:\Program Files (x86)\Microsoft\Edge Dev\Application;C:\Program Files\Zulu\zulu-21\bin\;C:\Program Files\Eclipse Adoptium\jdk-21.0.4.7-hotspot\bin;C:\Program Files\Common Files\Oracle\Java\javapath;C:\Program Files (x86)\Razer Chroma SDK\bin;C:\Program Files\Razer Chroma SDK\bin;C:\Program Files (x86)\Razer\ChromaBroadcast\bin;C:\Program Files\Razer\ChromaBroadcast\bin;C:\Program Files (x86)\Microsoft Visual Studio\2022\BuildTools;C:\Program Files\NVIDIA Corporation\NVIDIA NvDLISR;C:\Program Files\Java\jre-17.0.2-full\bin;C:\Windows\system32;C:\Windows;C:\Windows\system32\wbem;C:\Windows\system32\config\systemprofile\AppData\Local\Microsoft\WindowsApps;C:\Program Files\nodejs\;C:\Program Files\Git\cmd;D:\apps\ffmpeg-2024-04-01-git-7bf85d2d3a-full_build\bin;C:\Program Files (x86)\apache-maven-3.9.9\bin;C:\Program Files (x86)\NVIDIA Corporation\PhysX\Common;D:\apps\adb\platform-tools;D:\apps\platform-tools;C:\Users\24649\AppData\Local\Programs\Python\Python311\Scripts\;C:\Users\24649\AppData\Local\Programs\Pyt;C:\Users\24649\AppData\Roaming\npm\node_modules;C:\Users\24649\AppData\Roaming\npm;D:\apps\Microsoft VS Code\bin;C:\Users\24649\AppData\Local\GitHubDesktop\bin;C:\Program Files (x86)\Nmap;C:\Users\24649\AppData\Local\Muse Hub\lib;D:\apps\PyCharm 2025.1\bin;;C:\Users\24649\AppData\Local\Microsoft\WindowsApps;;d:\apps\Trae\resources\app\bin\lib
USERNAME=24649
OS=Windows_NT
PROCESSOR_IDENTIFIER=Intel64 Family 6 Model 141 Stepping 1, GenuineIntel
TMP=C:\Users\24649\AppData\Local\Temp
TEMP=C:\Users\24649\AppData\Local\Temp




Periodic native trim disabled

---------------  S Y S T E M  ---------------

OS:
 Windows 11 , 64 bit Build 26100 (10.0.26100.7019)
OS uptime: 1 days 18:39 hours
Hyper-V role detected

CPU: total 16 (initial active 16) (8 cores per cpu, 2 threads per core) family 6 model 141 stepping 1 microcode 0x3c, cx8, cmov, fxsr, ht, mmx, 3dnowpref, sse, sse2, sse3, ssse3, sse4.1, sse4.2, popcnt, lzcnt, tsc, tscinvbit, avx, avx2, aes, erms, clmul, bmi1, bmi2, adx, avx512f, avx512dq, avx512cd, avx512bw, avx512vl, sha, fma, vzeroupper, avx512_vpopcntdq, avx512_vpclmulqdq, avx512_vaes, avx512_vnni, clflush, clflushopt, clwb, avx512_vbmi2, avx512_vbmi, hv, rdtscp, rdpid, fsrm, gfni, avx512_bitalg, f16c, cet_ibt, cet_ss, avx512_ifma
Processor Information for the first 16 processors :
  Max Mhz: 2304, Current Mhz: 2304, Mhz Limit: 2304

Memory: 4k page, system-wide physical 32547M (12435M free)
TotalPageFile size 37667M (AvailPageFile size 5M)
current process WorkingSet (physical memory assigned to process): 384M, peak: 436M
current process commit charge ("private bytes"): 513M, peak: 1728M

vm_info: OpenJDK 64-Bit Server VM (21.0.8+9-LTS) for windows-amd64 JRE (21.0.8+9-LTS), built on 2025-07-15T00:00:00Z by "admin" with MS VC++ 17.7 (VS2022)

END.
